2022-10-11T00:26:40+00:00 CRITICAL Maximum execution time of 30 seconds exceeded en /var/www/html/wp-includes/class-wp-image-editor-imagick.php en la línea 373

2022-10-11T00:30:49+00:00 CRITICAL Maximum execution time of 30 seconds exceeded en /var/www/html/wp-includes/class-wp-image-editor-imagick.php en la línea 386

2022-10-11T00:36:15+00:00 CRITICAL Maximum execution time of 30 seconds exceeded en /var/www/html/wp-includes/class-wp-image-editor-imagick.php en la línea 373

2022-10-11T00:41:05+00:00 CRITICAL Maximum execution time of 30 seconds exceeded en /var/www/html/wp-includes/class-wp-image-editor-imagick.php en la línea 375

2022-10-11T00:46:31+00:00 CRITICAL Maximum execution time of 30 seconds exceeded en /var/www/html/wp-includes/class-wp-image-editor-imagick.php en la línea 779

2022-10-11T00:57:44+00:00 CRITICAL Maximum execution time of 30 seconds exceeded en /var/www/html/wp-includes/class-wp-image-editor-imagick.php en la línea 375

2022-10-11T01:53:57+00:00 CRITICAL Maximum execution time of 30 seconds exceeded en /var/www/html/wp-includes/class-wp-image-editor-imagick.php en la línea 386

2022-10-11T01:59:38+00:00 CRITICAL Maximum execution time of 30 seconds exceeded en /var/www/html/wp-includes/class-wp-image-editor-imagick.php en la línea 375

2022-10-11T02:02:00+00:00 CRITICAL Maximum execution time of 30 seconds exceeded en /var/www/html/wp-includes/class-wp-image-editor-imagick.php en la línea 386

2022-10-11T02:54:16+00:00 CRITICAL Maximum execution time of 30 seconds exceeded en /var/www/html/wp-includes/class-wp-image-editor-imagick.php en la línea 386

2022-10-11T02:55:33+00:00 CRITICAL Maximum execution time of 30 seconds exceeded en /var/www/html/wp-includes/class-wp-image-editor-imagick.php en la línea 375

2022-10-11T03:05:10+00:00 CRITICAL Maximum execution time of 30 seconds exceeded en /var/www/html/wp-includes/class-wp-image-editor-imagick.php en la línea 375

2022-10-11T03:07:25+00:00 CRITICAL Maximum execution time of 30 seconds exceeded en /var/www/html/wp-includes/class-wp-image-editor-imagick.php en la línea 386

2022-10-11T03:15:51+00:00 CRITICAL Maximum execution time of 30 seconds exceeded en /var/www/html/wp-includes/class-wp-image-editor-imagick.php en la línea 113

2022-10-11T03:22:21+00:00 CRITICAL Maximum execution time of 30 seconds exceeded en /var/www/html/wp-includes/class-wp-image-editor-imagick.php en la línea 386

2022-10-11T03:28:36+00:00 CRITICAL Maximum execution time of 30 seconds exceeded en /var/www/html/wp-includes/class-wp-image-editor-imagick.php en la línea 375

2022-10-11T03:30:47+00:00 CRITICAL Maximum execution time of 30 seconds exceeded en /var/www/html/wp-includes/class-wp-image-editor-imagick.php en la línea 113

2022-10-11T03:35:45+00:00 CRITICAL Maximum execution time of 30 seconds exceeded en /var/www/html/wp-includes/class-wp-image-editor-imagick.php en la línea 375

2022-10-11T03:41:16+00:00 CRITICAL Maximum execution time of 30 seconds exceeded en /var/www/html/wp-includes/class-wp-image-editor-imagick.php en la línea 375

2022-10-11T03:45:34+00:00 CRITICAL Maximum execution time of 30 seconds exceeded en /var/www/html/wp-includes/class-wp-image-editor-imagick.php en la línea 375

2022-10-11T03:50:37+00:00 CRITICAL Maximum execution time of 30 seconds exceeded en /var/www/html/wp-includes/class-wp-image-editor-imagick.php en la línea 373

2022-10-11T03:56:42+00:00 CRITICAL Maximum execution time of 30 seconds exceeded en /var/www/html/wp-includes/class-wp-image-editor-imagick.php en la línea 386

2022-10-11T04:00:38+00:00 CRITICAL Maximum execution time of 30 seconds exceeded en /var/www/html/wp-includes/class-wp-image-editor-imagick.php en la línea 160

2022-10-11T04:11:26+00:00 CRITICAL Maximum execution time of 30 seconds exceeded en /var/www/html/wp-includes/class-wp-image-editor-imagick.php en la línea 113

2022-10-11T04:15:39+00:00 CRITICAL Maximum execution time of 30 seconds exceeded en /var/www/html/wp-includes/class-wp-image-editor-imagick.php en la línea 375

2022-10-11T04:21:02+00:00 CRITICAL Maximum execution time of 30 seconds exceeded en /var/www/html/wp-includes/class-wp-image-editor-imagick.php en la línea 373

2022-10-11T04:25:31+00:00 CRITICAL Maximum execution time of 30 seconds exceeded en /var/www/html/wp-includes/class-wp-image-editor-imagick.php en la línea 386

2022-10-11T04:30:33+00:00 CRITICAL Maximum execution time of 30 seconds exceeded en /var/www/html/wp-includes/class-wp-image-editor-imagick.php en la línea 386

2022-10-11T04:35:31+00:00 CRITICAL Maximum execution time of 30 seconds exceeded en /var/www/html/wp-includes/class-wp-image-editor-imagick.php en la línea 160

2022-10-11T04:40:45+00:00 CRITICAL Maximum execution time of 30 seconds exceeded en /var/www/html/wp-includes/class-wp-image-editor-imagick.php en la línea 386

2022-10-11T19:06:54+00:00 CRITICAL Maximum execution time of 30 seconds exceeded en /var/www/html/wp-includes/wp-db.php en la línea 2169

2022-10-11T19:10:44+00:00 CRITICAL Maximum execution time of 30 seconds exceeded en /var/www/html/wp-includes/class-wp-image-editor-imagick.php en la línea 375

2022-10-11T19:16:51+00:00 CRITICAL Maximum execution time of 30 seconds exceeded en /var/www/html/wp-includes/class-wp-image-editor-imagick.php en la línea 375

2022-10-11T19:37:46+00:00 CRITICAL Maximum execution time of 30 seconds exceeded en /var/www/html/wp-includes/class-wp-image-editor-imagick.php en la línea 373

2022-10-11T19:40:41+00:00 CRITICAL Maximum execution time of 30 seconds exceeded en /var/www/html/wp-includes/class-wp-image-editor-imagick.php en la línea 550

2022-10-11T19:46:09+00:00 CRITICAL Maximum execution time of 30 seconds exceeded en /var/www/html/wp-includes/class-wp-image-editor-imagick.php en la línea 375

2022-10-11T19:50:41+00:00 CRITICAL Maximum execution time of 30 seconds exceeded en /var/www/html/wp-includes/class-wp-image-editor-imagick.php en la línea 375

2022-10-11T19:56:43+00:00 CRITICAL Maximum execution time of 30 seconds exceeded en /var/www/html/wp-includes/class-wp-image-editor-imagick.php en la línea 550

2022-10-11T20:00:43+00:00 CRITICAL Maximum execution time of 30 seconds exceeded en /var/www/html/wp-includes/class-wp-image-editor-imagick.php en la línea 373

2022-10-11T20:15:28+00:00 CRITICAL Maximum execution time of 30 seconds exceeded en /var/www/html/wp-includes/class-wp-image-editor-imagick.php en la línea 375

2022-10-11T20:20:56+00:00 CRITICAL Maximum execution time of 30 seconds exceeded en /var/www/html/wp-includes/class-wp-image-editor-imagick.php en la línea 375

2022-10-11T20:25:54+00:00 CRITICAL Maximum execution time of 30 seconds exceeded en /var/www/html/wp-includes/class-wp-image-editor-imagick.php en la línea 375

2022-10-11T20:31:46+00:00 CRITICAL Maximum execution time of 30 seconds exceeded en /var/www/html/wp-includes/class-wp-image-editor-imagick.php en la línea 373

2022-10-11T20:35:50+00:00 CRITICAL Maximum execution time of 30 seconds exceeded en /var/www/html/wp-includes/class-wp-image-editor-imagick.php en la línea 375

2022-10-11T21:15:50+00:00 CRITICAL Maximum execution time of 30 seconds exceeded en /var/www/html/wp-includes/class-wp-image-editor-imagick.php en la línea 386

2022-10-11T21:30:46+00:00 CRITICAL Maximum execution time of 30 seconds exceeded en /var/www/html/wp-includes/class-wp-image-editor-imagick.php en la línea 386

2022-10-11T21:36:01+00:00 CRITICAL Maximum execution time of 30 seconds exceeded en /var/www/html/wp-includes/class-wp-image-editor-imagick.php en la línea 386

2022-10-11T21:41:24+00:00 CRITICAL Maximum execution time of 30 seconds exceeded en /var/www/html/wp-includes/class-wp-image-editor-imagick.php en la línea 550

2022-10-11T21:48:29+00:00 CRITICAL Maximum execution time of 30 seconds exceeded en /var/www/html/wp-includes/class-wp-image-editor-imagick.php en la línea 375

2022-10-11T21:51:11+00:00 CRITICAL Maximum execution time of 30 seconds exceeded en /var/www/html/wp-includes/class-wp-image-editor-imagick.php en la línea 160

2022-10-11T21:57:32+00:00 CRITICAL Maximum execution time of 30 seconds exceeded en /var/www/html/wp-includes/class-wp-image-editor-imagick.php en la línea 375

2022-10-11T22:20:02+00:00 CRITICAL Uncaught Abraham\TwitterOAuth\TwitterOAuthException: {"errors":[{"code":415,"message":"Callback URL not approved for this client application. Approved callback URLs can be adjusted in your application settings"}]} in /var/www/html/wp-content/plugins/super-socializer/library/Twitter/src/TwitterOAuth.php:168
Stack trace:
#0 /var/www/html/wp-content/plugins/super-socializer/super_socializer.php(646): Abraham\TwitterOAuth\TwitterOAuth->oauth('oauth/request_t...', Array)
#1 /var/www/html/wp-includes/class-wp-hook.php(307): the_champ_connect(Object(WP))
#2 /var/www/html/wp-includes/class-wp-hook.php(331): WP_Hook->apply_filters(NULL, Array)
#3 /var/www/html/wp-includes/plugin.php(524): WP_Hook->do_action(Array)
#4 /var/www/html/wp-includes/class-wp.php(398): do_action_ref_array('parse_request', Array)
#5 /var/www/html/wp-includes/class-wp.php(770): WP->parse_request('')
#6 /var/www/html/wp-includes/functions.php(1330): WP->main('')
#7 /var/www/html/wp-blog-header.php(16): wp()
#8 /var/www/html/index.php(17): requir en /var/www/html/wp-content/plugins/super-socializer/library/Twitter/src/TwitterOAuth.php en la línea 168

2022-10-11T22:20:13+00:00 CRITICAL Maximum execution time of 30 seconds exceeded en /var/www/html/wp-includes/class-wp-image-editor-imagick.php en la línea 373

2022-10-11T22:20:41+00:00 CRITICAL Uncaught Abraham\TwitterOAuth\TwitterOAuthException: {"errors":[{"code":415,"message":"Callback URL not approved for this client application. Approved callback URLs can be adjusted in your application settings"}]} in /var/www/html/wp-content/plugins/super-socializer/library/Twitter/src/TwitterOAuth.php:168
Stack trace:
#0 /var/www/html/wp-content/plugins/super-socializer/super_socializer.php(646): Abraham\TwitterOAuth\TwitterOAuth->oauth('oauth/request_t...', Array)
#1 /var/www/html/wp-includes/class-wp-hook.php(307): the_champ_connect(Object(WP))
#2 /var/www/html/wp-includes/class-wp-hook.php(331): WP_Hook->apply_filters(NULL, Array)
#3 /var/www/html/wp-includes/plugin.php(524): WP_Hook->do_action(Array)
#4 /var/www/html/wp-includes/class-wp.php(398): do_action_ref_array('parse_request', Array)
#5 /var/www/html/wp-includes/class-wp.php(770): WP->parse_request('')
#6 /var/www/html/wp-includes/functions.php(1330): WP->main('')
#7 /var/www/html/wp-blog-header.php(16): wp()
#8 /var/www/html/index.php(17): requir en /var/www/html/wp-content/plugins/super-socializer/library/Twitter/src/TwitterOAuth.php en la línea 168

2022-10-11T22:21:16+00:00 CRITICAL Maximum execution time of 30 seconds exceeded en /var/www/html/wp-includes/class-wp-image-editor-imagick.php en la línea 375

2022-10-11T22:26:13+00:00 CRITICAL Maximum execution time of 30 seconds exceeded en /var/www/html/wp-includes/class-wp-image-editor-imagick.php en la línea 779

2022-10-11T22:35:40+00:00 CRITICAL Maximum execution time of 30 seconds exceeded en /var/www/html/wp-includes/class-wp-image-editor-imagick.php en la línea 386

2022-10-11T22:37:43+00:00 CRITICAL Uncaught Abraham\TwitterOAuth\TwitterOAuthException: {"errors":[{"code":415,"message":"Callback URL not approved for this client application. Approved callback URLs can be adjusted in your application settings"}]} in /var/www/html/wp-content/plugins/super-socializer/library/Twitter/src/TwitterOAuth.php:168
Stack trace:
#0 /var/www/html/wp-content/plugins/super-socializer/super_socializer.php(646): Abraham\TwitterOAuth\TwitterOAuth->oauth('oauth/request_t...', Array)
#1 /var/www/html/wp-includes/class-wp-hook.php(307): the_champ_connect(Object(WP))
#2 /var/www/html/wp-includes/class-wp-hook.php(331): WP_Hook->apply_filters(NULL, Array)
#3 /var/www/html/wp-includes/plugin.php(524): WP_Hook->do_action(Array)
#4 /var/www/html/wp-includes/class-wp.php(398): do_action_ref_array('parse_request', Array)
#5 /var/www/html/wp-includes/class-wp.php(770): WP->parse_request('')
#6 /var/www/html/wp-includes/functions.php(1330): WP->main('')
#7 /var/www/html/wp-blog-header.php(16): wp()
#8 /var/www/html/index.php(17): requir en /var/www/html/wp-content/plugins/super-socializer/library/Twitter/src/TwitterOAuth.php en la línea 168

2022-10-11T22:38:36+00:00 CRITICAL Uncaught Abraham\TwitterOAuth\TwitterOAuthException: {"errors":[{"code":415,"message":"Callback URL not approved for this client application. Approved callback URLs can be adjusted in your application settings"}]} in /var/www/html/wp-content/plugins/super-socializer/library/Twitter/src/TwitterOAuth.php:168
Stack trace:
#0 /var/www/html/wp-content/plugins/super-socializer/super_socializer.php(646): Abraham\TwitterOAuth\TwitterOAuth->oauth('oauth/request_t...', Array)
#1 /var/www/html/wp-includes/class-wp-hook.php(307): the_champ_connect(Object(WP))
#2 /var/www/html/wp-includes/class-wp-hook.php(331): WP_Hook->apply_filters(NULL, Array)
#3 /var/www/html/wp-includes/plugin.php(524): WP_Hook->do_action(Array)
#4 /var/www/html/wp-includes/class-wp.php(398): do_action_ref_array('parse_request', Array)
#5 /var/www/html/wp-includes/class-wp.php(770): WP->parse_request('')
#6 /var/www/html/wp-includes/functions.php(1330): WP->main('')
#7 /var/www/html/wp-blog-header.php(16): wp()
#8 /var/www/html/index.php(17): requir en /var/www/html/wp-content/plugins/super-socializer/library/Twitter/src/TwitterOAuth.php en la línea 168

2022-10-11T22:40:59+00:00 CRITICAL Maximum execution time of 30 seconds exceeded en /var/www/html/wp-includes/class-wp-image-editor-imagick.php en la línea 373

2022-10-11T23:14:23+00:00 CRITICAL Maximum execution time of 30 seconds exceeded en /var/www/html/wp-includes/class-wp-image-editor-imagick.php en la línea 373

2022-10-11T23:35:53+00:00 CRITICAL Maximum execution time of 30 seconds exceeded en /var/www/html/wp-includes/class-wp-image-editor-imagick.php en la línea 160

2022-10-11T23:45:12+00:00 CRITICAL Maximum execution time of 30 seconds exceeded en /var/www/html/wp-includes/class-wp-image-editor-imagick.php en la línea 375

2022-10-11T23:55:20+00:00 CRITICAL Maximum execution time of 30 seconds exceeded en /var/www/html/wp-includes/class-wp-image-editor-imagick.php en la línea 550

