2022-10-10T01:58:29+00:00 CRITICAL Maximum execution time of 30 seconds exceeded in /var/www/html/wp-includes/class-wp-image-editor-imagick.php on line 386

2022-10-10T02:01:23+00:00 CRITICAL Maximum execution time of 30 seconds exceeded in /var/www/html/wp-includes/class-wp-image-editor-imagick.php on line 386

2022-10-10T02:06:23+00:00 CRITICAL Maximum execution time of 30 seconds exceeded in /var/www/html/wp-includes/class-wp-image-editor-imagick.php on line 375

2022-10-10T02:23:18+00:00 CRITICAL Maximum execution time of 30 seconds exceeded in /var/www/html/wp-includes/class-wp-image-editor-imagick.php on line 375

2022-10-10T02:26:29+00:00 CRITICAL Maximum execution time of 30 seconds exceeded in /var/www/html/wp-includes/class-wp-image-editor-imagick.php on line 386

2022-10-10T03:20:45+00:00 CRITICAL Maximum execution time of 30 seconds exceeded in /var/www/html/wp-includes/class-wp-image-editor-imagick.php on line 375

2022-10-10T03:22:23+00:00 CRITICAL Maximum execution time of 30 seconds exceeded in /var/www/html/wp-includes/class-wp-image-editor-imagick.php on line 386

2022-10-10T03:26:15+00:00 CRITICAL Maximum execution time of 30 seconds exceeded in /var/www/html/wp-includes/class-wp-image-editor-imagick.php on line 113

2022-10-10T03:35:41+00:00 CRITICAL Maximum execution time of 30 seconds exceeded in /var/www/html/wp-includes/class-wp-image-editor-imagick.php on line 375

2022-10-10T03:41:32+00:00 CRITICAL Maximum execution time of 30 seconds exceeded in /var/www/html/wp-includes/class-wp-image-editor-imagick.php on line 113

2022-10-10T03:49:26+00:00 CRITICAL Maximum execution time of 30 seconds exceeded in /var/www/html/wp-includes/class-wp-image-editor-imagick.php on line 386

2022-10-10T03:50:47+00:00 CRITICAL Maximum execution time of 30 seconds exceeded in /var/www/html/wp-includes/class-wp-image-editor-imagick.php on line 386

2022-10-10T03:56:24+00:00 CRITICAL Maximum execution time of 30 seconds exceeded in /var/www/html/wp-includes/class-wp-image-editor-imagick.php on line 373

2022-10-10T04:02:41+00:00 CRITICAL Maximum execution time of 30 seconds exceeded in /var/www/html/wp-includes/class-wp-image-editor-imagick.php on line 779

2022-10-10T04:05:41+00:00 CRITICAL Maximum execution time of 30 seconds exceeded in /var/www/html/wp-includes/class-wp-image-editor-imagick.php on line 386

2022-10-10T04:10:44+00:00 CRITICAL Maximum execution time of 30 seconds exceeded in /var/www/html/wp-includes/class-wp-image-editor-imagick.php on line 386

2022-10-10T04:18:00+00:00 CRITICAL Maximum execution time of 30 seconds exceeded in /var/www/html/wp-includes/class-wp-image-editor-imagick.php on line 375

2022-10-10T04:25:55+00:00 CRITICAL Maximum execution time of 30 seconds exceeded en /var/www/html/wp-includes/class-wp-image-editor-imagick.php en la línea 375

2022-10-10T04:35:49+00:00 CRITICAL Maximum execution time of 30 seconds exceeded en /var/www/html/wp-includes/class-wp-image-editor-imagick.php en la línea 386

2022-10-10T04:41:39+00:00 CRITICAL Maximum execution time of 30 seconds exceeded en /var/www/html/wp-includes/class-wp-image-editor-imagick.php en la línea 375

2022-10-10T04:51:57+00:00 CRITICAL Maximum execution time of 30 seconds exceeded en /var/www/html/wp-includes/class-wp-image-editor-imagick.php en la línea 386

2022-10-10T04:56:10+00:00 CRITICAL Maximum execution time of 30 seconds exceeded en /var/www/html/wp-includes/class-wp-image-editor-imagick.php en la línea 375

2022-10-10T05:06:46+00:00 CRITICAL Maximum execution time of 30 seconds exceeded en /var/www/html/wp-includes/class-wp-image-editor-imagick.php en la línea 375

2022-10-10T05:16:05+00:00 CRITICAL Maximum execution time of 30 seconds exceeded en /var/www/html/wp-includes/class-wp-image-editor-imagick.php en la línea 375

2022-10-10T05:31:06+00:00 CRITICAL Maximum execution time of 30 seconds exceeded en /var/www/html/wp-includes/class-wp-image-editor-imagick.php en la línea 386

2022-10-10T05:35:51+00:00 CRITICAL Maximum execution time of 30 seconds exceeded en /var/www/html/wp-includes/class-wp-image-editor-imagick.php en la línea 113

2022-10-10T05:41:36+00:00 CRITICAL Maximum execution time of 30 seconds exceeded en /var/www/html/wp-includes/class-wp-image-editor-imagick.php en la línea 386

2022-10-10T05:54:16+00:00 CRITICAL Maximum execution time of 30 seconds exceeded en /var/www/html/wp-includes/class-wp-image-editor-imagick.php en la línea 373

2022-10-10T05:57:03+00:00 CRITICAL Maximum execution time of 30 seconds exceeded en /var/www/html/wp-includes/wp-db.php en la línea 2169

2022-10-10T06:02:34+00:00 CRITICAL Maximum execution time of 30 seconds exceeded en /var/www/html/wp-includes/class-wp-image-editor-imagick.php en la línea 375

2022-10-10T06:06:28+00:00 CRITICAL Maximum execution time of 30 seconds exceeded en /var/www/html/wp-includes/class-wp-image-editor-imagick.php en la línea 375

2022-10-10T06:12:32+00:00 CRITICAL Maximum execution time of 30 seconds exceeded en /var/www/html/wp-includes/class-wp-image-editor-imagick.php en la línea 375

2022-10-10T06:17:38+00:00 CRITICAL Maximum execution time of 30 seconds exceeded en /var/www/html/wp-includes/class-wp-image-editor-imagick.php en la línea 375

2022-10-10T06:21:41+00:00 CRITICAL Maximum execution time of 30 seconds exceeded en /var/www/html/wp-includes/class-wp-image-editor-imagick.php en la línea 386

2022-10-10T06:26:40+00:00 CRITICAL Maximum execution time of 30 seconds exceeded en /var/www/html/wp-includes/class-wp-image-editor-imagick.php en la línea 386

2022-10-10T06:40:50+00:00 CRITICAL Maximum execution time of 30 seconds exceeded en /var/www/html/wp-includes/class-wp-image-editor-imagick.php en la línea 373

2022-10-10T06:45:59+00:00 CRITICAL Maximum execution time of 30 seconds exceeded en /var/www/html/wp-includes/class-wp-image-editor-imagick.php en la línea 386

2022-10-10T06:51:57+00:00 CRITICAL Maximum execution time of 30 seconds exceeded en /var/www/html/wp-includes/class-wp-image-editor-imagick.php en la línea 160

2022-10-10T06:56:07+00:00 CRITICAL Maximum execution time of 30 seconds exceeded en /var/www/html/wp-includes/class-wp-image-editor-imagick.php en la línea 550

2022-10-10T07:02:10+00:00 CRITICAL Maximum execution time of 30 seconds exceeded en /var/www/html/wp-includes/class-wp-image-editor-imagick.php en la línea 386

2022-10-10T07:06:26+00:00 CRITICAL Maximum execution time of 30 seconds exceeded en /var/www/html/wp-includes/class-wp-image-editor-imagick.php en la línea 386

2022-10-10T07:11:14+00:00 CRITICAL Maximum execution time of 30 seconds exceeded en /var/www/html/wp-includes/class-wp-image-editor-imagick.php en la línea 386

2022-10-10T07:17:44+00:00 CRITICAL Maximum execution time of 30 seconds exceeded en /var/www/html/wp-includes/class-wp-image-editor-imagick.php en la línea 492

2022-10-10T07:21:37+00:00 CRITICAL Maximum execution time of 30 seconds exceeded en /var/www/html/wp-includes/class-wp-image-editor-imagick.php en la línea 779

2022-10-10T07:27:39+00:00 CRITICAL Maximum execution time of 30 seconds exceeded en /var/www/html/wp-includes/class-wp-image-editor-imagick.php en la línea 160

2022-10-10T07:31:44+00:00 CRITICAL Maximum execution time of 30 seconds exceeded en /var/www/html/wp-includes/class-wp-image-editor-imagick.php en la línea 160

2022-10-10T07:41:16+00:00 CRITICAL Maximum execution time of 30 seconds exceeded en /var/www/html/wp-includes/class-wp-image-editor-imagick.php en la línea 386

2022-10-10T07:45:37+00:00 CRITICAL Maximum execution time of 30 seconds exceeded en /var/www/html/wp-includes/class-wp-image-editor-imagick.php en la línea 550

2022-10-10T07:46:51+00:00 CRITICAL Uncaught Abraham\TwitterOAuth\TwitterOAuthException: {"errors":[{"code":415,"message":"Callback URL not approved for this client application. Approved callback URLs can be adjusted in your application settings"}]} in /var/www/html/wp-content/plugins/super-socializer/library/Twitter/src/TwitterOAuth.php:168
Stack trace:
#0 /var/www/html/wp-content/plugins/super-socializer/super_socializer.php(646): Abraham\TwitterOAuth\TwitterOAuth->oauth('oauth/request_t...', Array)
#1 /var/www/html/wp-includes/class-wp-hook.php(307): the_champ_connect(Object(WP))
#2 /var/www/html/wp-includes/class-wp-hook.php(331): WP_Hook->apply_filters(NULL, Array)
#3 /var/www/html/wp-includes/plugin.php(524): WP_Hook->do_action(Array)
#4 /var/www/html/wp-includes/class-wp.php(398): do_action_ref_array('parse_request', Array)
#5 /var/www/html/wp-includes/class-wp.php(770): WP->parse_request('')
#6 /var/www/html/wp-includes/functions.php(1330): WP->main('')
#7 /var/www/html/wp-blog-header.php(16): wp()
#8 /var/www/html/index.php(17): requir en /var/www/html/wp-content/plugins/super-socializer/library/Twitter/src/TwitterOAuth.php en la línea 168

2022-10-10T07:47:40+00:00 CRITICAL Uncaught Abraham\TwitterOAuth\TwitterOAuthException: {"errors":[{"code":32,"message":"Could not authenticate you."}]} in /var/www/html/wp-content/plugins/super-socializer/library/Twitter/src/TwitterOAuth.php:168
Stack trace:
#0 /var/www/html/wp-content/plugins/super-socializer/super_socializer.php(646): Abraham\TwitterOAuth\TwitterOAuth->oauth('oauth/request_t...', Array)
#1 /var/www/html/wp-includes/class-wp-hook.php(307): the_champ_connect(Object(WP))
#2 /var/www/html/wp-includes/class-wp-hook.php(331): WP_Hook->apply_filters(NULL, Array)
#3 /var/www/html/wp-includes/plugin.php(524): WP_Hook->do_action(Array)
#4 /var/www/html/wp-includes/class-wp.php(398): do_action_ref_array('parse_request', Array)
#5 /var/www/html/wp-includes/class-wp.php(770): WP->parse_request('')
#6 /var/www/html/wp-includes/functions.php(1330): WP->main('')
#7 /var/www/html/wp-blog-header.php(16): wp()
#8 /var/www/html/index.php(17): require('/var/www/html/w...')
#9 {main}
  thrown en /var/www/html/wp-content/plugins/super-socializer/library/Twitter/src/TwitterOAuth.php en la línea 168

2022-10-10T07:47:53+00:00 CRITICAL Uncaught Abraham\TwitterOAuth\TwitterOAuthException: {"errors":[{"code":32,"message":"Could not authenticate you."}]} in /var/www/html/wp-content/plugins/super-socializer/library/Twitter/src/TwitterOAuth.php:168
Stack trace:
#0 /var/www/html/wp-content/plugins/super-socializer/super_socializer.php(646): Abraham\TwitterOAuth\TwitterOAuth->oauth('oauth/request_t...', Array)
#1 /var/www/html/wp-includes/class-wp-hook.php(307): the_champ_connect(Object(WP))
#2 /var/www/html/wp-includes/class-wp-hook.php(331): WP_Hook->apply_filters(NULL, Array)
#3 /var/www/html/wp-includes/plugin.php(524): WP_Hook->do_action(Array)
#4 /var/www/html/wp-includes/class-wp.php(398): do_action_ref_array('parse_request', Array)
#5 /var/www/html/wp-includes/class-wp.php(770): WP->parse_request('')
#6 /var/www/html/wp-includes/functions.php(1330): WP->main('')
#7 /var/www/html/wp-blog-header.php(16): wp()
#8 /var/www/html/index.php(17): require('/var/www/html/w...')
#9 {main}
  thrown en /var/www/html/wp-content/plugins/super-socializer/library/Twitter/src/TwitterOAuth.php en la línea 168

2022-10-10T07:49:12+00:00 CRITICAL Uncaught Abraham\TwitterOAuth\TwitterOAuthException: {"errors":[{"code":415,"message":"Callback URL not approved for this client application. Approved callback URLs can be adjusted in your application settings"}]} in /var/www/html/wp-content/plugins/super-socializer/library/Twitter/src/TwitterOAuth.php:168
Stack trace:
#0 /var/www/html/wp-content/plugins/super-socializer/super_socializer.php(646): Abraham\TwitterOAuth\TwitterOAuth->oauth('oauth/request_t...', Array)
#1 /var/www/html/wp-includes/class-wp-hook.php(307): the_champ_connect(Object(WP))
#2 /var/www/html/wp-includes/class-wp-hook.php(331): WP_Hook->apply_filters(NULL, Array)
#3 /var/www/html/wp-includes/plugin.php(524): WP_Hook->do_action(Array)
#4 /var/www/html/wp-includes/class-wp.php(398): do_action_ref_array('parse_request', Array)
#5 /var/www/html/wp-includes/class-wp.php(770): WP->parse_request('')
#6 /var/www/html/wp-includes/functions.php(1330): WP->main('')
#7 /var/www/html/wp-blog-header.php(16): wp()
#8 /var/www/html/index.php(17): requir en /var/www/html/wp-content/plugins/super-socializer/library/Twitter/src/TwitterOAuth.php en la línea 168

2022-10-10T07:50:39+00:00 CRITICAL Uncaught Abraham\TwitterOAuth\TwitterOAuthException: {"errors":[{"code":415,"message":"Callback URL not approved for this client application. Approved callback URLs can be adjusted in your application settings"}]} in /var/www/html/wp-content/plugins/super-socializer/library/Twitter/src/TwitterOAuth.php:168
Stack trace:
#0 /var/www/html/wp-content/plugins/super-socializer/super_socializer.php(646): Abraham\TwitterOAuth\TwitterOAuth->oauth('oauth/request_t...', Array)
#1 /var/www/html/wp-includes/class-wp-hook.php(307): the_champ_connect(Object(WP))
#2 /var/www/html/wp-includes/class-wp-hook.php(331): WP_Hook->apply_filters(NULL, Array)
#3 /var/www/html/wp-includes/plugin.php(524): WP_Hook->do_action(Array)
#4 /var/www/html/wp-includes/class-wp.php(398): do_action_ref_array('parse_request', Array)
#5 /var/www/html/wp-includes/class-wp.php(770): WP->parse_request('')
#6 /var/www/html/wp-includes/functions.php(1330): WP->main('')
#7 /var/www/html/wp-blog-header.php(16): wp()
#8 /var/www/html/index.php(17): requir en /var/www/html/wp-content/plugins/super-socializer/library/Twitter/src/TwitterOAuth.php en la línea 168

2022-10-10T07:50:52+00:00 CRITICAL Maximum execution time of 30 seconds exceeded en /var/www/html/wp-includes/class-wp-image-editor-imagick.php en la línea 386

2022-10-10T07:50:52+00:00 CRITICAL Uncaught Abraham\TwitterOAuth\TwitterOAuthException: {"errors":[{"code":415,"message":"Callback URL not approved for this client application. Approved callback URLs can be adjusted in your application settings"}]} in /var/www/html/wp-content/plugins/super-socializer/library/Twitter/src/TwitterOAuth.php:168
Stack trace:
#0 /var/www/html/wp-content/plugins/super-socializer/super_socializer.php(646): Abraham\TwitterOAuth\TwitterOAuth->oauth('oauth/request_t...', Array)
#1 /var/www/html/wp-includes/class-wp-hook.php(307): the_champ_connect(Object(WP))
#2 /var/www/html/wp-includes/class-wp-hook.php(331): WP_Hook->apply_filters(NULL, Array)
#3 /var/www/html/wp-includes/plugin.php(524): WP_Hook->do_action(Array)
#4 /var/www/html/wp-includes/class-wp.php(398): do_action_ref_array('parse_request', Array)
#5 /var/www/html/wp-includes/class-wp.php(770): WP->parse_request('')
#6 /var/www/html/wp-includes/functions.php(1330): WP->main('')
#7 /var/www/html/wp-blog-header.php(16): wp()
#8 /var/www/html/index.php(17): requir en /var/www/html/wp-content/plugins/super-socializer/library/Twitter/src/TwitterOAuth.php en la línea 168

2022-10-10T07:53:36+00:00 CRITICAL Uncaught Abraham\TwitterOAuth\TwitterOAuthException: {"errors":[{"code":415,"message":"Callback URL not approved for this client application. Approved callback URLs can be adjusted in your application settings"}]} in /var/www/html/wp-content/plugins/super-socializer/library/Twitter/src/TwitterOAuth.php:168
Stack trace:
#0 /var/www/html/wp-content/plugins/super-socializer/super_socializer.php(646): Abraham\TwitterOAuth\TwitterOAuth->oauth('oauth/request_t...', Array)
#1 /var/www/html/wp-includes/class-wp-hook.php(307): the_champ_connect(Object(WP))
#2 /var/www/html/wp-includes/class-wp-hook.php(331): WP_Hook->apply_filters(NULL, Array)
#3 /var/www/html/wp-includes/plugin.php(524): WP_Hook->do_action(Array)
#4 /var/www/html/wp-includes/class-wp.php(398): do_action_ref_array('parse_request', Array)
#5 /var/www/html/wp-includes/class-wp.php(770): WP->parse_request('')
#6 /var/www/html/wp-includes/functions.php(1330): WP->main('')
#7 /var/www/html/wp-blog-header.php(16): wp()
#8 /var/www/html/index.php(17): requir en /var/www/html/wp-content/plugins/super-socializer/library/Twitter/src/TwitterOAuth.php en la línea 168

2022-10-10T07:53:54+00:00 CRITICAL Uncaught Abraham\TwitterOAuth\TwitterOAuthException: {"errors":[{"code":415,"message":"Callback URL not approved for this client application. Approved callback URLs can be adjusted in your application settings"}]} in /var/www/html/wp-content/plugins/super-socializer/library/Twitter/src/TwitterOAuth.php:168
Stack trace:
#0 /var/www/html/wp-content/plugins/super-socializer/super_socializer.php(646): Abraham\TwitterOAuth\TwitterOAuth->oauth('oauth/request_t...', Array)
#1 /var/www/html/wp-includes/class-wp-hook.php(307): the_champ_connect(Object(WP))
#2 /var/www/html/wp-includes/class-wp-hook.php(331): WP_Hook->apply_filters(NULL, Array)
#3 /var/www/html/wp-includes/plugin.php(524): WP_Hook->do_action(Array)
#4 /var/www/html/wp-includes/class-wp.php(398): do_action_ref_array('parse_request', Array)
#5 /var/www/html/wp-includes/class-wp.php(770): WP->parse_request('')
#6 /var/www/html/wp-includes/functions.php(1330): WP->main('')
#7 /var/www/html/wp-blog-header.php(16): wp()
#8 /var/www/html/index.php(17): requir en /var/www/html/wp-content/plugins/super-socializer/library/Twitter/src/TwitterOAuth.php en la línea 168

2022-10-10T07:56:32+00:00 CRITICAL Uncaught Abraham\TwitterOAuth\TwitterOAuthException: {"errors":[{"code":32,"message":"Could not authenticate you."}]} in /var/www/html/wp-content/plugins/super-socializer/library/Twitter/src/TwitterOAuth.php:168
Stack trace:
#0 /var/www/html/wp-content/plugins/super-socializer/super_socializer.php(646): Abraham\TwitterOAuth\TwitterOAuth->oauth('oauth/request_t...', Array)
#1 /var/www/html/wp-includes/class-wp-hook.php(307): the_champ_connect(Object(WP))
#2 /var/www/html/wp-includes/class-wp-hook.php(331): WP_Hook->apply_filters(NULL, Array)
#3 /var/www/html/wp-includes/plugin.php(524): WP_Hook->do_action(Array)
#4 /var/www/html/wp-includes/class-wp.php(398): do_action_ref_array('parse_request', Array)
#5 /var/www/html/wp-includes/class-wp.php(770): WP->parse_request('')
#6 /var/www/html/wp-includes/functions.php(1330): WP->main('')
#7 /var/www/html/wp-blog-header.php(16): wp()
#8 /var/www/html/index.php(17): require('/var/www/html/w...')
#9 {main}
  thrown en /var/www/html/wp-content/plugins/super-socializer/library/Twitter/src/TwitterOAuth.php en la línea 168

2022-10-10T07:56:40+00:00 CRITICAL Uncaught Abraham\TwitterOAuth\TwitterOAuthException: {"errors":[{"code":32,"message":"Could not authenticate you."}]} in /var/www/html/wp-content/plugins/super-socializer/library/Twitter/src/TwitterOAuth.php:168
Stack trace:
#0 /var/www/html/wp-content/plugins/super-socializer/super_socializer.php(646): Abraham\TwitterOAuth\TwitterOAuth->oauth('oauth/request_t...', Array)
#1 /var/www/html/wp-includes/class-wp-hook.php(307): the_champ_connect(Object(WP))
#2 /var/www/html/wp-includes/class-wp-hook.php(331): WP_Hook->apply_filters(NULL, Array)
#3 /var/www/html/wp-includes/plugin.php(524): WP_Hook->do_action(Array)
#4 /var/www/html/wp-includes/class-wp.php(398): do_action_ref_array('parse_request', Array)
#5 /var/www/html/wp-includes/class-wp.php(770): WP->parse_request('')
#6 /var/www/html/wp-includes/functions.php(1330): WP->main('')
#7 /var/www/html/wp-blog-header.php(16): wp()
#8 /var/www/html/index.php(17): require('/var/www/html/w...')
#9 {main}
  thrown en /var/www/html/wp-content/plugins/super-socializer/library/Twitter/src/TwitterOAuth.php en la línea 168

2022-10-10T07:56:42+00:00 CRITICAL Maximum execution time of 30 seconds exceeded en /var/www/html/wp-includes/class-wp-image-editor-imagick.php en la línea 386

2022-10-10T07:56:45+00:00 CRITICAL Uncaught Abraham\TwitterOAuth\TwitterOAuthException: {"errors":[{"code":32,"message":"Could not authenticate you."}]} in /var/www/html/wp-content/plugins/super-socializer/library/Twitter/src/TwitterOAuth.php:168
Stack trace:
#0 /var/www/html/wp-content/plugins/super-socializer/super_socializer.php(646): Abraham\TwitterOAuth\TwitterOAuth->oauth('oauth/request_t...', Array)
#1 /var/www/html/wp-includes/class-wp-hook.php(307): the_champ_connect(Object(WP))
#2 /var/www/html/wp-includes/class-wp-hook.php(331): WP_Hook->apply_filters(NULL, Array)
#3 /var/www/html/wp-includes/plugin.php(524): WP_Hook->do_action(Array)
#4 /var/www/html/wp-includes/class-wp.php(398): do_action_ref_array('parse_request', Array)
#5 /var/www/html/wp-includes/class-wp.php(770): WP->parse_request('')
#6 /var/www/html/wp-includes/functions.php(1330): WP->main('')
#7 /var/www/html/wp-blog-header.php(16): wp()
#8 /var/www/html/index.php(17): require('/var/www/html/w...')
#9 {main}
  thrown en /var/www/html/wp-content/plugins/super-socializer/library/Twitter/src/TwitterOAuth.php en la línea 168

2022-10-10T07:57:00+00:00 CRITICAL Uncaught Abraham\TwitterOAuth\TwitterOAuthException: {"errors":[{"code":32,"message":"Could not authenticate you."}]} in /var/www/html/wp-content/plugins/super-socializer/library/Twitter/src/TwitterOAuth.php:168
Stack trace:
#0 /var/www/html/wp-content/plugins/super-socializer/super_socializer.php(646): Abraham\TwitterOAuth\TwitterOAuth->oauth('oauth/request_t...', Array)
#1 /var/www/html/wp-includes/class-wp-hook.php(307): the_champ_connect(Object(WP))
#2 /var/www/html/wp-includes/class-wp-hook.php(331): WP_Hook->apply_filters(NULL, Array)
#3 /var/www/html/wp-includes/plugin.php(524): WP_Hook->do_action(Array)
#4 /var/www/html/wp-includes/class-wp.php(398): do_action_ref_array('parse_request', Array)
#5 /var/www/html/wp-includes/class-wp.php(770): WP->parse_request('')
#6 /var/www/html/wp-includes/functions.php(1330): WP->main('')
#7 /var/www/html/wp-blog-header.php(16): wp()
#8 /var/www/html/index.php(17): require('/var/www/html/w...')
#9 {main}
  thrown en /var/www/html/wp-content/plugins/super-socializer/library/Twitter/src/TwitterOAuth.php en la línea 168

2022-10-10T07:57:14+00:00 CRITICAL Uncaught Abraham\TwitterOAuth\TwitterOAuthException: {"errors":[{"code":32,"message":"Could not authenticate you."}]} in /var/www/html/wp-content/plugins/super-socializer/library/Twitter/src/TwitterOAuth.php:168
Stack trace:
#0 /var/www/html/wp-content/plugins/super-socializer/super_socializer.php(646): Abraham\TwitterOAuth\TwitterOAuth->oauth('oauth/request_t...', Array)
#1 /var/www/html/wp-includes/class-wp-hook.php(307): the_champ_connect(Object(WP))
#2 /var/www/html/wp-includes/class-wp-hook.php(331): WP_Hook->apply_filters(NULL, Array)
#3 /var/www/html/wp-includes/plugin.php(524): WP_Hook->do_action(Array)
#4 /var/www/html/wp-includes/class-wp.php(398): do_action_ref_array('parse_request', Array)
#5 /var/www/html/wp-includes/class-wp.php(770): WP->parse_request('')
#6 /var/www/html/wp-includes/functions.php(1330): WP->main('')
#7 /var/www/html/wp-blog-header.php(16): wp()
#8 /var/www/html/index.php(17): require('/var/www/html/w...')
#9 {main}
  thrown en /var/www/html/wp-content/plugins/super-socializer/library/Twitter/src/TwitterOAuth.php en la línea 168

2022-10-10T08:01:10+00:00 CRITICAL Maximum execution time of 30 seconds exceeded en /var/www/html/wp-includes/class-wp-image-editor-imagick.php en la línea 160

2022-10-10T08:03:03+00:00 CRITICAL Uncaught Abraham\TwitterOAuth\TwitterOAuthException: {"errors":[{"code":415,"message":"Callback URL not approved for this client application. Approved callback URLs can be adjusted in your application settings"}]} in /var/www/html/wp-content/plugins/super-socializer/library/Twitter/src/TwitterOAuth.php:168
Stack trace:
#0 /var/www/html/wp-content/plugins/super-socializer/super_socializer.php(646): Abraham\TwitterOAuth\TwitterOAuth->oauth('oauth/request_t...', Array)
#1 /var/www/html/wp-includes/class-wp-hook.php(307): the_champ_connect(Object(WP))
#2 /var/www/html/wp-includes/class-wp-hook.php(331): WP_Hook->apply_filters(NULL, Array)
#3 /var/www/html/wp-includes/plugin.php(524): WP_Hook->do_action(Array)
#4 /var/www/html/wp-includes/class-wp.php(398): do_action_ref_array('parse_request', Array)
#5 /var/www/html/wp-includes/class-wp.php(770): WP->parse_request('')
#6 /var/www/html/wp-includes/functions.php(1330): WP->main('')
#7 /var/www/html/wp-blog-header.php(16): wp()
#8 /var/www/html/index.php(17): requir en /var/www/html/wp-content/plugins/super-socializer/library/Twitter/src/TwitterOAuth.php en la línea 168

2022-10-10T08:03:36+00:00 CRITICAL Uncaught Abraham\TwitterOAuth\TwitterOAuthException: {"errors":[{"code":415,"message":"Callback URL not approved for this client application. Approved callback URLs can be adjusted in your application settings"}]} in /var/www/html/wp-content/plugins/super-socializer/library/Twitter/src/TwitterOAuth.php:168
Stack trace:
#0 /var/www/html/wp-content/plugins/super-socializer/super_socializer.php(646): Abraham\TwitterOAuth\TwitterOAuth->oauth('oauth/request_t...', Array)
#1 /var/www/html/wp-includes/class-wp-hook.php(307): the_champ_connect(Object(WP))
#2 /var/www/html/wp-includes/class-wp-hook.php(331): WP_Hook->apply_filters(NULL, Array)
#3 /var/www/html/wp-includes/plugin.php(524): WP_Hook->do_action(Array)
#4 /var/www/html/wp-includes/class-wp.php(398): do_action_ref_array('parse_request', Array)
#5 /var/www/html/wp-includes/class-wp.php(770): WP->parse_request('')
#6 /var/www/html/wp-includes/functions.php(1330): WP->main('')
#7 /var/www/html/wp-blog-header.php(16): wp()
#8 /var/www/html/index.php(17): requir en /var/www/html/wp-content/plugins/super-socializer/library/Twitter/src/TwitterOAuth.php en la línea 168

2022-10-10T08:11:37+00:00 CRITICAL Maximum execution time of 30 seconds exceeded en /var/www/html/wp-includes/class-wp-image-editor-imagick.php en la línea 386

2022-10-10T08:15:34+00:00 CRITICAL Uncaught Abraham\TwitterOAuth\TwitterOAuthException: {"errors":[{"code":415,"message":"Callback URL not approved for this client application. Approved callback URLs can be adjusted in your application settings"}]} in /var/www/html/wp-content/plugins/super-socializer/library/Twitter/src/TwitterOAuth.php:168
Stack trace:
#0 /var/www/html/wp-content/plugins/super-socializer/super_socializer.php(646): Abraham\TwitterOAuth\TwitterOAuth->oauth('oauth/request_t...', Array)
#1 /var/www/html/wp-includes/class-wp-hook.php(307): the_champ_connect(Object(WP))
#2 /var/www/html/wp-includes/class-wp-hook.php(331): WP_Hook->apply_filters(NULL, Array)
#3 /var/www/html/wp-includes/plugin.php(524): WP_Hook->do_action(Array)
#4 /var/www/html/wp-includes/class-wp.php(398): do_action_ref_array('parse_request', Array)
#5 /var/www/html/wp-includes/class-wp.php(770): WP->parse_request('')
#6 /var/www/html/wp-includes/functions.php(1330): WP->main('')
#7 /var/www/html/wp-blog-header.php(16): wp()
#8 /var/www/html/index.php(17): requir en /var/www/html/wp-content/plugins/super-socializer/library/Twitter/src/TwitterOAuth.php en la línea 168

2022-10-10T08:15:44+00:00 CRITICAL Maximum execution time of 30 seconds exceeded en /var/www/html/wp-includes/class-wp-image-editor-imagick.php en la línea 375

2022-10-10T08:16:43+00:00 CRITICAL Uncaught Abraham\TwitterOAuth\TwitterOAuthException: {"errors":[{"code":415,"message":"Callback URL not approved for this client application. Approved callback URLs can be adjusted in your application settings"}]} in /var/www/html/wp-content/plugins/super-socializer/library/Twitter/src/TwitterOAuth.php:168
Stack trace:
#0 /var/www/html/wp-content/plugins/super-socializer/super_socializer.php(646): Abraham\TwitterOAuth\TwitterOAuth->oauth('oauth/request_t...', Array)
#1 /var/www/html/wp-includes/class-wp-hook.php(307): the_champ_connect(Object(WP))
#2 /var/www/html/wp-includes/class-wp-hook.php(331): WP_Hook->apply_filters(NULL, Array)
#3 /var/www/html/wp-includes/plugin.php(524): WP_Hook->do_action(Array)
#4 /var/www/html/wp-includes/class-wp.php(398): do_action_ref_array('parse_request', Array)
#5 /var/www/html/wp-includes/class-wp.php(770): WP->parse_request('')
#6 /var/www/html/wp-includes/functions.php(1330): WP->main('')
#7 /var/www/html/wp-blog-header.php(16): wp()
#8 /var/www/html/index.php(17): requir en /var/www/html/wp-content/plugins/super-socializer/library/Twitter/src/TwitterOAuth.php en la línea 168

2022-10-10T08:20:03+00:00 CRITICAL Uncaught Abraham\TwitterOAuth\TwitterOAuthException: {"errors":[{"code":415,"message":"Callback URL not approved for this client application. Approved callback URLs can be adjusted in your application settings"}]} in /var/www/html/wp-content/plugins/super-socializer/library/Twitter/src/TwitterOAuth.php:168
Stack trace:
#0 /var/www/html/wp-content/plugins/super-socializer/super_socializer.php(646): Abraham\TwitterOAuth\TwitterOAuth->oauth('oauth/request_t...', Array)
#1 /var/www/html/wp-includes/class-wp-hook.php(307): the_champ_connect(Object(WP))
#2 /var/www/html/wp-includes/class-wp-hook.php(331): WP_Hook->apply_filters(NULL, Array)
#3 /var/www/html/wp-includes/plugin.php(524): WP_Hook->do_action(Array)
#4 /var/www/html/wp-includes/class-wp.php(398): do_action_ref_array('parse_request', Array)
#5 /var/www/html/wp-includes/class-wp.php(770): WP->parse_request('')
#6 /var/www/html/wp-includes/functions.php(1330): WP->main('')
#7 /var/www/html/wp-blog-header.php(16): wp()
#8 /var/www/html/index.php(17): requir en /var/www/html/wp-content/plugins/super-socializer/library/Twitter/src/TwitterOAuth.php en la línea 168

2022-10-10T08:20:50+00:00 CRITICAL Maximum execution time of 30 seconds exceeded en /var/www/html/wp-includes/class-wp-image-editor-imagick.php en la línea 160

2022-10-10T08:21:32+00:00 CRITICAL Uncaught Abraham\TwitterOAuth\TwitterOAuthException: {"errors":[{"code":415,"message":"Callback URL not approved for this client application. Approved callback URLs can be adjusted in your application settings"}]} in /var/www/html/wp-content/plugins/super-socializer/library/Twitter/src/TwitterOAuth.php:168
Stack trace:
#0 /var/www/html/wp-content/plugins/super-socializer/super_socializer.php(646): Abraham\TwitterOAuth\TwitterOAuth->oauth('oauth/request_t...', Array)
#1 /var/www/html/wp-includes/class-wp-hook.php(307): the_champ_connect(Object(WP))
#2 /var/www/html/wp-includes/class-wp-hook.php(331): WP_Hook->apply_filters(NULL, Array)
#3 /var/www/html/wp-includes/plugin.php(524): WP_Hook->do_action(Array)
#4 /var/www/html/wp-includes/class-wp.php(398): do_action_ref_array('parse_request', Array)
#5 /var/www/html/wp-includes/class-wp.php(770): WP->parse_request('')
#6 /var/www/html/wp-includes/functions.php(1330): WP->main('')
#7 /var/www/html/wp-blog-header.php(16): wp()
#8 /var/www/html/index.php(17): requir en /var/www/html/wp-content/plugins/super-socializer/library/Twitter/src/TwitterOAuth.php en la línea 168

2022-10-10T08:22:05+00:00 CRITICAL Uncaught Abraham\TwitterOAuth\TwitterOAuthException: {"errors":[{"code":415,"message":"Callback URL not approved for this client application. Approved callback URLs can be adjusted in your application settings"}]} in /var/www/html/wp-content/plugins/super-socializer/library/Twitter/src/TwitterOAuth.php:168
Stack trace:
#0 /var/www/html/wp-content/plugins/super-socializer/super_socializer.php(646): Abraham\TwitterOAuth\TwitterOAuth->oauth('oauth/request_t...', Array)
#1 /var/www/html/wp-includes/class-wp-hook.php(307): the_champ_connect(Object(WP))
#2 /var/www/html/wp-includes/class-wp-hook.php(331): WP_Hook->apply_filters(NULL, Array)
#3 /var/www/html/wp-includes/plugin.php(524): WP_Hook->do_action(Array)
#4 /var/www/html/wp-includes/class-wp.php(398): do_action_ref_array('parse_request', Array)
#5 /var/www/html/wp-includes/class-wp.php(770): WP->parse_request('')
#6 /var/www/html/wp-includes/functions.php(1330): WP->main('')
#7 /var/www/html/wp-blog-header.php(16): wp()
#8 /var/www/html/index.php(17): requir en /var/www/html/wp-content/plugins/super-socializer/library/Twitter/src/TwitterOAuth.php en la línea 168

2022-10-10T08:38:08+00:00 CRITICAL Maximum execution time of 30 seconds exceeded en /var/www/html/wp-includes/class-wp-image-editor-imagick.php en la línea 375

2022-10-10T08:47:22+00:00 CRITICAL Maximum execution time of 30 seconds exceeded en /var/www/html/wp-includes/class-wp-image-editor-imagick.php en la línea 373

2022-10-10T08:52:49+00:00 CRITICAL Maximum execution time of 30 seconds exceeded en /var/www/html/wp-includes/class-wp-image-editor-imagick.php en la línea 373

2022-10-10T08:53:30+00:00 CRITICAL Uncaught Abraham\TwitterOAuth\TwitterOAuthException: {"errors":[{"code":415,"message":"Callback URL not approved for this client application. Approved callback URLs can be adjusted in your application settings"}]} in /var/www/html/wp-content/plugins/super-socializer/library/Twitter/src/TwitterOAuth.php:168
Stack trace:
#0 /var/www/html/wp-content/plugins/super-socializer/super_socializer.php(646): Abraham\TwitterOAuth\TwitterOAuth->oauth('oauth/request_t...', Array)
#1 /var/www/html/wp-includes/class-wp-hook.php(307): the_champ_connect(Object(WP))
#2 /var/www/html/wp-includes/class-wp-hook.php(331): WP_Hook->apply_filters(NULL, Array)
#3 /var/www/html/wp-includes/plugin.php(524): WP_Hook->do_action(Array)
#4 /var/www/html/wp-includes/class-wp.php(398): do_action_ref_array('parse_request', Array)
#5 /var/www/html/wp-includes/class-wp.php(770): WP->parse_request('')
#6 /var/www/html/wp-includes/functions.php(1330): WP->main('')
#7 /var/www/html/wp-blog-header.php(16): wp()
#8 /var/www/html/index.php(17): requir en /var/www/html/wp-content/plugins/super-socializer/library/Twitter/src/TwitterOAuth.php en la línea 168

2022-10-10T08:53:49+00:00 CRITICAL Uncaught Abraham\TwitterOAuth\TwitterOAuthException: {"errors":[{"code":415,"message":"Callback URL not approved for this client application. Approved callback URLs can be adjusted in your application settings"}]} in /var/www/html/wp-content/plugins/super-socializer/library/Twitter/src/TwitterOAuth.php:168
Stack trace:
#0 /var/www/html/wp-content/plugins/super-socializer/super_socializer.php(646): Abraham\TwitterOAuth\TwitterOAuth->oauth('oauth/request_t...', Array)
#1 /var/www/html/wp-includes/class-wp-hook.php(307): the_champ_connect(Object(WP))
#2 /var/www/html/wp-includes/class-wp-hook.php(331): WP_Hook->apply_filters(NULL, Array)
#3 /var/www/html/wp-includes/plugin.php(524): WP_Hook->do_action(Array)
#4 /var/www/html/wp-includes/class-wp.php(398): do_action_ref_array('parse_request', Array)
#5 /var/www/html/wp-includes/class-wp.php(770): WP->parse_request('')
#6 /var/www/html/wp-includes/functions.php(1330): WP->main('')
#7 /var/www/html/wp-blog-header.php(16): wp()
#8 /var/www/html/index.php(17): requir en /var/www/html/wp-content/plugins/super-socializer/library/Twitter/src/TwitterOAuth.php en la línea 168

2022-10-10T08:57:18+00:00 CRITICAL Maximum execution time of 30 seconds exceeded en /var/www/html/wp-includes/class-wp-image-editor-imagick.php en la línea 386

2022-10-10T08:57:47+00:00 CRITICAL Uncaught Abraham\TwitterOAuth\TwitterOAuthException: {"errors":[{"code":32,"message":"Could not authenticate you."}]} in /var/www/html/wp-content/plugins/super-socializer/library/Twitter/src/TwitterOAuth.php:168
Stack trace:
#0 /var/www/html/wp-content/plugins/super-socializer/super_socializer.php(646): Abraham\TwitterOAuth\TwitterOAuth->oauth('oauth/request_t...', Array)
#1 /var/www/html/wp-includes/class-wp-hook.php(307): the_champ_connect(Object(WP))
#2 /var/www/html/wp-includes/class-wp-hook.php(331): WP_Hook->apply_filters(NULL, Array)
#3 /var/www/html/wp-includes/plugin.php(524): WP_Hook->do_action(Array)
#4 /var/www/html/wp-includes/class-wp.php(398): do_action_ref_array('parse_request', Array)
#5 /var/www/html/wp-includes/class-wp.php(770): WP->parse_request('')
#6 /var/www/html/wp-includes/functions.php(1330): WP->main('')
#7 /var/www/html/wp-blog-header.php(16): wp()
#8 /var/www/html/index.php(17): require('/var/www/html/w...')
#9 {main}
  thrown en /var/www/html/wp-content/plugins/super-socializer/library/Twitter/src/TwitterOAuth.php en la línea 168

2022-10-10T09:01:24+00:00 CRITICAL Maximum execution time of 30 seconds exceeded en /var/www/html/wp-includes/class-wp-image-editor-imagick.php en la línea 375

2022-10-10T09:05:20+00:00 CRITICAL Uncaught Abraham\TwitterOAuth\TwitterOAuthException: {"errors":[{"code":32,"message":"Could not authenticate you."}]} in /var/www/html/wp-content/plugins/super-socializer/library/Twitter/src/TwitterOAuth.php:168
Stack trace:
#0 /var/www/html/wp-content/plugins/super-socializer/super_socializer.php(646): Abraham\TwitterOAuth\TwitterOAuth->oauth('oauth/request_t...', Array)
#1 /var/www/html/wp-includes/class-wp-hook.php(307): the_champ_connect(Object(WP))
#2 /var/www/html/wp-includes/class-wp-hook.php(331): WP_Hook->apply_filters(NULL, Array)
#3 /var/www/html/wp-includes/plugin.php(524): WP_Hook->do_action(Array)
#4 /var/www/html/wp-includes/class-wp.php(398): do_action_ref_array('parse_request', Array)
#5 /var/www/html/wp-includes/class-wp.php(770): WP->parse_request('')
#6 /var/www/html/wp-includes/functions.php(1330): WP->main('')
#7 /var/www/html/wp-blog-header.php(16): wp()
#8 /var/www/html/index.php(17): require('/var/www/html/w...')
#9 {main}
  thrown en /var/www/html/wp-content/plugins/super-socializer/library/Twitter/src/TwitterOAuth.php en la línea 168

2022-10-10T09:05:56+00:00 CRITICAL Maximum execution time of 30 seconds exceeded en /var/www/html/wp-includes/class-wp-image-editor-imagick.php en la línea 375

2022-10-10T09:10:51+00:00 CRITICAL Uncaught Abraham\TwitterOAuth\TwitterOAuthException: {"errors":[{"code":32,"message":"Could not authenticate you."}]} in /var/www/html/wp-content/plugins/super-socializer/library/Twitter/src/TwitterOAuth.php:168
Stack trace:
#0 /var/www/html/wp-content/plugins/super-socializer/super_socializer.php(646): Abraham\TwitterOAuth\TwitterOAuth->oauth('oauth/request_t...', Array)
#1 /var/www/html/wp-includes/class-wp-hook.php(307): the_champ_connect(Object(WP))
#2 /var/www/html/wp-includes/class-wp-hook.php(331): WP_Hook->apply_filters(NULL, Array)
#3 /var/www/html/wp-includes/plugin.php(524): WP_Hook->do_action(Array)
#4 /var/www/html/wp-includes/class-wp.php(398): do_action_ref_array('parse_request', Array)
#5 /var/www/html/wp-includes/class-wp.php(770): WP->parse_request('')
#6 /var/www/html/wp-includes/functions.php(1330): WP->main('')
#7 /var/www/html/wp-blog-header.php(16): wp()
#8 /var/www/html/index.php(17): require('/var/www/html/w...')
#9 {main}
  thrown en /var/www/html/wp-content/plugins/super-socializer/library/Twitter/src/TwitterOAuth.php en la línea 168

2022-10-10T09:11:04+00:00 CRITICAL Maximum execution time of 30 seconds exceeded en /var/www/html/wp-includes/class-wp-image-editor-imagick.php en la línea 160

2022-10-10T09:15:59+00:00 CRITICAL Maximum execution time of 30 seconds exceeded en /var/www/html/wp-includes/class-wp-image-editor-imagick.php en la línea 160

2022-10-10T22:07:39+00:00 CRITICAL Maximum execution time of 30 seconds exceeded en /var/www/html/wp-includes/class-wp-image-editor-imagick.php en la línea 375

2022-10-10T22:11:02+00:00 CRITICAL Maximum execution time of 30 seconds exceeded en /var/www/html/wp-includes/class-wp-image-editor-imagick.php en la línea 550

2022-10-10T22:16:06+00:00 CRITICAL Maximum execution time of 30 seconds exceeded en /var/www/html/wp-includes/class-wp-image-editor-imagick.php en la línea 373

2022-10-10T22:35:37+00:00 CRITICAL Maximum execution time of 30 seconds exceeded en /var/www/html/wp-includes/class-wp-image-editor-imagick.php en la línea 386

2022-10-10T22:41:27+00:00 CRITICAL Maximum execution time of 30 seconds exceeded en /var/www/html/wp-includes/class-wp-image-editor-imagick.php en la línea 386

2022-10-10T22:53:22+00:00 CRITICAL Maximum execution time of 30 seconds exceeded en /var/www/html/wp-includes/class-wp-image-editor-imagick.php en la línea 386

2022-10-10T22:56:48+00:00 CRITICAL Maximum execution time of 30 seconds exceeded en /var/www/html/wp-includes/class-wp-image-editor-imagick.php en la línea 373

2022-10-10T23:00:58+00:00 CRITICAL Maximum execution time of 30 seconds exceeded en /var/www/html/wp-includes/class-wp-image-editor-imagick.php en la línea 375

2022-10-10T23:06:58+00:00 CRITICAL Maximum execution time of 30 seconds exceeded en /var/www/html/wp-includes/class-wp-image-editor-imagick.php en la línea 514

2022-10-10T23:15:58+00:00 CRITICAL Maximum execution time of 30 seconds exceeded en /var/www/html/wp-includes/class-wp-image-editor-imagick.php en la línea 375

2022-10-10T23:21:05+00:00 CRITICAL Maximum execution time of 30 seconds exceeded en /var/www/html/wp-includes/class-wp-image-editor-imagick.php en la línea 386

2022-10-10T23:27:09+00:00 CRITICAL Maximum execution time of 30 seconds exceeded en /var/www/html/wp-includes/class-wp-image-editor-imagick.php en la línea 386

2022-10-10T23:31:12+00:00 CRITICAL Maximum execution time of 30 seconds exceeded en /var/www/html/wp-includes/class-wp-image-editor-imagick.php en la línea 113

2022-10-10T23:37:14+00:00 CRITICAL Maximum execution time of 30 seconds exceeded en /var/www/html/wp-includes/class-wp-image-editor-imagick.php en la línea 375

2022-10-10T23:41:15+00:00 CRITICAL Maximum execution time of 30 seconds exceeded en /var/www/html/wp-includes/class-wp-image-editor-imagick.php en la línea 375

